Using pre-set license
Built from '2021.3/staging' branch; Version is '2021.3.16f1 (4016570cf34f) revision 4200023'; Using compiler version '192829333'; Build Type 'Release'
OS: 'Windows 10  (10.0.19044) 64bit Core' Language: 'fr' Physical Memory: 16221 MB
BatchMode: 1, IsHumanControllingUs: 0, StartBugReporterOnCrash: 0, Is64bit: 1, IsPro: 1

COMMAND LINE ARGUMENTS:
C:\Program Files\Unity\Hub\Editor\2021.3.16f1\Editor\Unity.exe
-adb2
-batchMode
-noUpm
-name
AssetImportWorker5
-projectPath
C:/Users/Nino/Documents/NumberJump2/NumberJump
-logFile
Logs/AssetImportWorker5.log
-srvPort
61754
Successfully changed project path to: C:/Users/Nino/Documents/NumberJump2/NumberJump
C:/Users/Nino/Documents/NumberJump2/NumberJump
[UnityMemory] Configuration Parameters - Can be set up in boot.config
    "memorysetup-bucket-allocator-granularity=16"
    "memorysetup-bucket-allocator-bucket-count=8"
    "memorysetup-bucket-allocator-block-size=33554432"
    "memorysetup-bucket-allocator-block-count=8"
    "memorysetup-main-allocator-block-size=16777216"
    "memorysetup-thread-allocator-block-size=16777216"
    "memorysetup-gfx-main-allocator-block-size=16777216"
    "memorysetup-gfx-thread-allocator-block-size=16777216"
    "memorysetup-cache-allocator-block-size=4194304"
    "memorysetup-typetree-allocator-block-size=2097152"
    "memorysetup-profiler-bucket-allocator-granularity=16"
    "memorysetup-profiler-bucket-allocator-bucket-count=8"
    "memorysetup-profiler-bucket-allocator-block-size=33554432"
    "memorysetup-profiler-bucket-allocator-block-count=8"
    "memorysetup-profiler-allocator-block-size=16777216"
    "memorysetup-profiler-editor-allocator-block-size=1048576"
    "memorysetup-temp-allocator-size-main=16777216"
    "memorysetup-job-temp-allocator-block-size=2097152"
    "memorysetup-job-temp-allocator-block-size-background=1048576"
    "memorysetup-job-temp-allocator-reduction-small-platforms=262144"
    "memorysetup-temp-allocator-size-background-worker=32768"
    "memorysetup-temp-allocator-size-job-worker=262144"
    "memorysetup-temp-allocator-size-preload-manager=33554432"
    "memorysetup-temp-allocator-size-nav-mesh-worker=65536"
    "memorysetup-temp-allocator-size-audio-worker=65536"
    "memorysetup-temp-allocator-size-cloud-worker=32768"
    "memorysetup-temp-allocator-size-gi-baking-worker=262144"
    "memorysetup-temp-allocator-size-gfx=262144"
Player connection [104188] Host "[IP] 192.168.1.159 [Port] 0 [Flags] 2 [Guid] 1415205002 [EditorId] 1415205002 [Version] 1048832 [Id] WindowsEditor(7,DESKTOP-REOEK4D) [Debug] 1 [PackageName] WindowsEditor [ProjectName] Editor" joined multi-casting on [225.0.0.222:54997]...

Player connection [104188] Host "[IP] 192.168.1.159 [Port] 0 [Flags] 2 [Guid] 1415205002 [EditorId] 1415205002 [Version] 1048832 [Id] WindowsEditor(7,DESKTOP-REOEK4D) [Debug] 1 [PackageName] WindowsEditor [ProjectName] Editor" joined alternative multi-casting on [225.0.0.222:34997]...

Refreshing native plugins compatible for Editor in 112.13 ms, found 3 plugins.
Preloading 0 native plugins for Editor in 0.00 ms.
Initialize engine version: 2021.3.16f1 (4016570cf34f)
[Subsystems] Discovering subsystems at path C:/Program Files/Unity/Hub/Editor/2021.3.16f1/Editor/Data/Resources/UnitySubsystems
[Subsystems] Discovering subsystems at path C:/Users/Nino/Documents/NumberJump2/NumberJump/Assets
GfxDevice: creating device client; threaded=0; jobified=0
Direct3D:
    Version:  Direct3D 11.0 [level 11.1]
    Renderer: NVIDIA GeForce GTX 1070 (ID=0x1b81)
    Vendor:   NVIDIA
    VRAM:     8081 MB
    Driver:   31.0.15.2756
Initialize mono
Mono path[0] = 'C:/Program Files/Unity/Hub/Editor/2021.3.16f1/Editor/Data/Managed'
Mono path[1] = 'C:/Program Files/Unity/Hub/Editor/2021.3.16f1/Editor/Data/MonoBleedingEdge/lib/mono/unityjit-win32'
Mono config path = 'C:/Program Files/Unity/Hub/Editor/2021.3.16f1/Editor/Data/MonoBleedingEdge/etc'
Using monoOptions --debugger-agent=transport=dt_socket,embedding=1,server=y,suspend=n,address=127.0.0.1:56812
Begin MonoManager ReloadAssembly
Registering precompiled unity dll's ...
Register platform support module: C:/Program Files/Unity/Hub/Editor/2021.3.16f1/Editor/Data/PlaybackEngines/WebGLSupport/UnityEditor.WebGL.Extensions.dll
Register platform support module: C:/Program Files/Unity/Hub/Editor/2021.3.16f1/Editor/Data/PlaybackEngines/WindowsStandaloneSupport/UnityEditor.WindowsStandalone.Extensions.dll
Registered in 0.006016 seconds.
Native extension for WindowsStandalone target not found
Native extension for WebGL target not found
Refreshing native plugins compatible for Editor in 92.42 ms, found 3 plugins.
Preloading 0 native plugins for Editor in 0.00 ms.
Mono: successfully reloaded assembly
- Completed reload, in  0.500 seconds
Domain Reload Profiling:
	ReloadAssembly (501ms)
		BeginReloadAssembly (54ms)
			ExecutionOrderSort (0ms)
			DisableScriptedObjects (0ms)
			BackupInstance (0ms)
			ReleaseScriptingObjects (0ms)
			CreateAndSetChildDomain (1ms)
		EndReloadAssembly (362ms)
			LoadAssemblies (52ms)
			RebuildTransferFunctionScriptingTraits (0ms)
			SetupTypeCache (76ms)
			ReleaseScriptCaches (0ms)
			RebuildScriptCaches (19ms)
			SetupLoadedEditorAssemblies (227ms)
				LogAssemblyErrors (0ms)
				InitializePlatformSupportModulesInManaged (7ms)
				SetLoadedEditorAssemblies (0ms)
				RefreshPlugins (92ms)
				BeforeProcessingInitializeOnLoad (1ms)
				ProcessInitializeOnLoadAttributes (96ms)
				ProcessInitializeOnLoadMethodAttributes (30ms)
				AfterProcessingInitializeOnLoad (0ms)
				EditorAssembliesLoaded (0ms)
			ExecutionOrderSort2 (0ms)
			AwakeInstancesAfterBackupRestoration (0ms)
Platform modules already initialized, skipping
Registering precompiled user dll's ...
Registered in 0.006671 seconds.
Begin MonoManager ReloadAssembly
Symbol file LoadedFromMemory doesn't match image C:\Users\Nino\Documents\NumberJump2\NumberJump\Library\PackageCache\com.unity.visualscripting@1.7.8\Editor\VisualScripting.Core\Dependencies\YamlDotNet\Unity.VisualScripting.YamlDotNet.dll
Symbol file LoadedFromMemory doesn't match image C:\Users\Nino\Documents\NumberJump2\NumberJump\Library\PackageCache\com.unity.visualscripting@1.7.8\Editor\VisualScripting.Core\Dependencies\DotNetZip\Unity.VisualScripting.IonicZip.dll
Native extension for WindowsStandalone target not found
Native extension for WebGL target not found
Refreshing native plugins compatible for Editor in 94.19 ms, found 3 plugins.
Preloading 0 native plugins for Editor in 0.00 ms.
Mono: successfully reloaded assembly
- Completed reload, in  1.105 seconds
Domain Reload Profiling:
	ReloadAssembly (1105ms)
		BeginReloadAssembly (77ms)
			ExecutionOrderSort (0ms)
			DisableScriptedObjects (4ms)
			BackupInstance (0ms)
			ReleaseScriptingObjects (0ms)
			CreateAndSetChildDomain (14ms)
		EndReloadAssembly (943ms)
			LoadAssemblies (75ms)
			RebuildTransferFunctionScriptingTraits (0ms)
			SetupTypeCache (241ms)
			ReleaseScriptCaches (1ms)
			RebuildScriptCaches (49ms)
			SetupLoadedEditorAssemblies (545ms)
				LogAssemblyErrors (0ms)
				InitializePlatformSupportModulesInManaged (4ms)
				SetLoadedEditorAssemblies (0ms)
				RefreshPlugins (94ms)
				BeforeProcessingInitializeOnLoad (99ms)
				ProcessInitializeOnLoadAttributes (275ms)
				ProcessInitializeOnLoadMethodAttributes (65ms)
				AfterProcessingInitializeOnLoad (7ms)
				EditorAssembliesLoaded (0ms)
			ExecutionOrderSort2 (0ms)
			AwakeInstancesAfterBackupRestoration (4ms)
Platform modules already initialized, skipping
========================================================================
Worker process is ready to serve import requests
Launched and connected shader compiler UnityShaderCompiler.exe after 0.03 seconds
Refreshing native plugins compatible for Editor in 0.70 ms, found 3 plugins.
Preloading 0 native plugins for Editor in 0.00 ms.
Unloading 5708 Unused Serialized files (Serialized files now loaded: 0)
Unloading 63 unused Assets / (1.2 MB). Loaded Objects now: 6146.
Memory consumption went from 225.8 MB to 224.6 MB.
Total: 3.251000 ms (FindLiveObjects: 0.345400 ms CreateObjectMapping: 0.177400 ms MarkObjects: 2.370500 ms  DeleteObjects: 0.356900 ms)

AssetImportParameters requested are different than current active one (requested -> active):
  custom:video-decoder-ogg-theora: a1e56fd34408186e4bbccfd4996cb3dc -> 
  custom:container-muxer-webm: aa71ff27fc2769a1b78a27578f13a17b -> 
  custom:container-demuxer-webm: 4f35f7cbe854078d1ac9338744f61a02 -> 
  custom:video-encoder-webm-vp8: eb34c28f22e8b96e1ab97ce403110664 -> 
  custom:audio-encoder-webm-vorbis: bf7c407c2cedff20999df2af8eb42d56 -> 
  custom:framework-win-MediaFoundation: 216162199b28c13a410421893ffa2e32 -> 
  custom:container-demuxer-ogg: 62fdf1f143b41e24485cea50d1cbac27 -> 
  custom:video-decoder-webm-vp8: 9c59270c3fd7afecdb556c50c9e8de78 -> 
  custom:audio-decoder-ogg-vorbis: bf7c407c2cedff20999df2af8eb42d56 -> 
========================================================================
Received Import Request.
  Time since last request: 606326.150182 seconds.
  path: Assets/Environment/ButtonSprites/1-Key.png
  artifactKey: Guid(f3e0edc1bb680f944b86be32d170ead1) Importer(815301076,1909f56bfc062723c751e8b465ee728b)
Start importing Assets/Environment/ButtonSprites/1-Key.png using Guid(f3e0edc1bb680f944b86be32d170ead1) Importer(815301076,1909f56bfc062723c751e8b465ee728b)  -> (artifact id: 'e82ba7ef360b1810ca2d49140d2b90ca') in 0.091589 seconds 
========================================================================
Received Import Request.
  Time since last request: 0.000039 seconds.
  path: Assets/Environment/ButtonSprites/C-Key.png
  artifactKey: Guid(4cb61bc7b8e6dfc4893d066e8ff8f96e) Importer(815301076,1909f56bfc062723c751e8b465ee728b)
Start importing Assets/Environment/ButtonSprites/C-Key.png using Guid(4cb61bc7b8e6dfc4893d066e8ff8f96e) Importer(815301076,1909f56bfc062723c751e8b465ee728b)  -> (artifact id: '7a35eeac2103d81003f73ffc510dd716') in 0.016225 seconds 
========================================================================
Received Import Request.
  Time since last request: 0.000047 seconds.
  path: Assets/Environment/ButtonSprites/4-Key.png
  artifactKey: Guid(ed6dbd54d00f37c4883023ae69ed9141) Importer(815301076,1909f56bfc062723c751e8b465ee728b)
Start importing Assets/Environment/ButtonSprites/4-Key.png using Guid(ed6dbd54d00f37c4883023ae69ed9141) Importer(815301076,1909f56bfc062723c751e8b465ee728b)  -> (artifact id: 'f6a53bf26b4ba8d8690bf4406c01a3a9') in 0.013428 seconds 
========================================================================
Received Import Request.
  Time since last request: 0.000031 seconds.
  path: Assets/Environment/ButtonSprites/G-Key.png
  artifactKey: Guid(2fd83f9474f54f64b97ad2b2649b0744) Importer(815301076,1909f56bfc062723c751e8b465ee728b)
Start importing Assets/Environment/ButtonSprites/G-Key.png using Guid(2fd83f9474f54f64b97ad2b2649b0744) Importer(815301076,1909f56bfc062723c751e8b465ee728b)  -> (artifact id: 'af8fc147ea529bebd0d1c4cf389846ee') in 0.013549 seconds 
========================================================================
Received Import Request.
  Time since last request: 0.000043 seconds.
  path: Assets/Environment/ButtonSprites/9-Key.png
  artifactKey: Guid(5ffa2514f61217142a14e55a163f6fb7) Importer(815301076,1909f56bfc062723c751e8b465ee728b)
Start importing Assets/Environment/ButtonSprites/9-Key.png using Guid(5ffa2514f61217142a14e55a163f6fb7) Importer(815301076,1909f56bfc062723c751e8b465ee728b)  -> (artifact id: 'd8c11bf2e33909752d3c0bf22c07f44b') in 0.013264 seconds 
========================================================================
Received Import Request.
  Time since last request: 0.000032 seconds.
  path: Assets/Environment/ButtonSprites/E-Key.png
  artifactKey: Guid(cd33495d6127ca74194d7aa762413649) Importer(815301076,1909f56bfc062723c751e8b465ee728b)
Start importing Assets/Environment/ButtonSprites/E-Key.png using Guid(cd33495d6127ca74194d7aa762413649) Importer(815301076,1909f56bfc062723c751e8b465ee728b)  -> (artifact id: '358d6bfd309a0bd2d4810dd7ddb1beea') in 0.012935 seconds 
========================================================================
Received Import Request.
  Time since last request: 0.000031 seconds.
  path: Assets/Environment/ButtonSprites/I-Key.png
  artifactKey: Guid(3be21d7e69534a84b94518da0c59bbad) Importer(815301076,1909f56bfc062723c751e8b465ee728b)
Start importing Assets/Environment/ButtonSprites/I-Key.png using Guid(3be21d7e69534a84b94518da0c59bbad) Importer(815301076,1909f56bfc062723c751e8b465ee728b)  -> (artifact id: '3c720780955c70807db7c74c84121b58') in 0.011962 seconds 
========================================================================
Received Import Request.
  Time since last request: 0.000039 seconds.
  path: Assets/Environment/ButtonSprites/K-Key.png
  artifactKey: Guid(86c6c943f22be0148a877add83ca41c3) Importer(815301076,1909f56bfc062723c751e8b465ee728b)
Start importing Assets/Environment/ButtonSprites/K-Key.png using Guid(86c6c943f22be0148a877add83ca41c3) Importer(815301076,1909f56bfc062723c751e8b465ee728b)  -> (artifact id: '18b5e3cdbcaf3dd0d2ab691aab3d876b') in 0.011397 seconds 
========================================================================
Received Import Request.
  Time since last request: 0.000030 seconds.
  path: Assets/Environment/ButtonSprites/6-Key.png
  artifactKey: Guid(5c1dfe7944e1e8943a6a00dee02b5de7) Importer(815301076,1909f56bfc062723c751e8b465ee728b)
Start importing Assets/Environment/ButtonSprites/6-Key.png using Guid(5c1dfe7944e1e8943a6a00dee02b5de7) Importer(815301076,1909f56bfc062723c751e8b465ee728b)  -> (artifact id: '6ae3a83e63be42f6a4a1ae4304421517') in 0.011539 seconds 
========================================================================
Received Import Request.
  Time since last request: 0.000028 seconds.
  path: Assets/Environment/ButtonSprites/D-Key.png
  artifactKey: Guid(65ef04fc1713ea94dbbf2a226961c8c1) Importer(815301076,1909f56bfc062723c751e8b465ee728b)
Start importing Assets/Environment/ButtonSprites/D-Key.png using Guid(65ef04fc1713ea94dbbf2a226961c8c1) Importer(815301076,1909f56bfc062723c751e8b465ee728b)  -> (artifact id: '3c4037a69738beaf6371c8f1acdcee54') in 0.011470 seconds 
========================================================================
Received Import Request.
  Time since last request: 0.000028 seconds.
  path: Assets/Environment/ButtonSprites/2-Key.png
  artifactKey: Guid(8773d580556ddf5448e7e21d55c05cbd) Importer(815301076,1909f56bfc062723c751e8b465ee728b)
Start importing Assets/Environment/ButtonSprites/2-Key.png using Guid(8773d580556ddf5448e7e21d55c05cbd) Importer(815301076,1909f56bfc062723c751e8b465ee728b)  -> (artifact id: '2a45f0b512d08a372f176ea39b9f4889') in 0.011204 seconds 
========================================================================
Received Import Request.
  Time since last request: 0.000029 seconds.
  path: Assets/Environment/ButtonSprites/3-Key.png
  artifactKey: Guid(ce71a53686de384468931ca737ede100) Importer(815301076,1909f56bfc062723c751e8b465ee728b)
Start importing Assets/Environment/ButtonSprites/3-Key.png using Guid(ce71a53686de384468931ca737ede100) Importer(815301076,1909f56bfc062723c751e8b465ee728b)  -> (artifact id: '6ea0f9972327d33b10f6649fd4f29d19') in 0.012122 seconds 
========================================================================
Received Import Request.
  Time since last request: 25.754021 seconds.
  path: Assets/Environment/ButtonSprites/2-Key.png
  artifactKey: Guid(8773d580556ddf5448e7e21d55c05cbd) Importer(815301076,1909f56bfc062723c751e8b465ee728b)
Start importing Assets/Environment/ButtonSprites/2-Key.png using Guid(8773d580556ddf5448e7e21d55c05cbd) Importer(815301076,1909f56bfc062723c751e8b465ee728b)  -> (artifact id: '438ed3ee1b7df0a93f2456792f99c269') in 0.009668 seconds 
========================================================================
Received Import Request.
  Time since last request: 0.000035 seconds.
  path: Assets/Environment/ButtonSprites/Caps-Key.png
  artifactKey: Guid(5b78650241afead4ba4aba84f3657ac5) Importer(815301076,1909f56bfc062723c751e8b465ee728b)
Start importing Assets/Environment/ButtonSprites/Caps-Key.png using Guid(5b78650241afead4ba4aba84f3657ac5) Importer(815301076,1909f56bfc062723c751e8b465ee728b)  -> (artifact id: '195eedcb1be21a6313e313ca95809da9') in 0.010030 seconds 
========================================================================
Received Import Request.
  Time since last request: 0.000030 seconds.
  path: Assets/Environment/ButtonSprites/A-Key.png
  artifactKey: Guid(b2ca142628060fd4db01609a54a739ac) Importer(815301076,1909f56bfc062723c751e8b465ee728b)
Start importing Assets/Environment/ButtonSprites/A-Key.png using Guid(b2ca142628060fd4db01609a54a739ac) Importer(815301076,1909f56bfc062723c751e8b465ee728b)  -> (artifact id: '1485e1e5b77667213a2936c00c866a7b') in 0.010083 seconds 
========================================================================
Received Import Request.
  Time since last request: 0.000033 seconds.
  path: Assets/Environment/ButtonSprites/C-Key.png
  artifactKey: Guid(4cb61bc7b8e6dfc4893d066e8ff8f96e) Importer(815301076,1909f56bfc062723c751e8b465ee728b)
Start importing Assets/Environment/ButtonSprites/C-Key.png using Guid(4cb61bc7b8e6dfc4893d066e8ff8f96e) Importer(815301076,1909f56bfc062723c751e8b465ee728b)  -> (artifact id: '86333c74aab6894be26bcf551adf85b3') in 0.008253 seconds 
========================================================================
Received Import Request.
  Time since last request: 0.000027 seconds.
  path: Assets/Environment/ButtonSprites/4-Key.png
  artifactKey: Guid(ed6dbd54d00f37c4883023ae69ed9141) Importer(815301076,1909f56bfc062723c751e8b465ee728b)
Start importing Assets/Environment/ButtonSprites/4-Key.png using Guid(ed6dbd54d00f37c4883023ae69ed9141) Importer(815301076,1909f56bfc062723c751e8b465ee728b)  -> (artifact id: '4f734f0cd741be48bd9383af7edf7cee') in 0.009556 seconds 
========================================================================
Received Import Request.
  Time since last request: 0.000040 seconds.
  path: Assets/Environment/ButtonSprites/Enter-Key.png
  artifactKey: Guid(8b2648aa6e309a349aec30aa6ed7bd11) Importer(815301076,1909f56bfc062723c751e8b465ee728b)
Start importing Assets/Environment/ButtonSprites/Enter-Key.png using Guid(8b2648aa6e309a349aec30aa6ed7bd11) Importer(815301076,1909f56bfc062723c751e8b465ee728b)  -> (artifact id: 'df69841e8aa11e11141f214a570821e2') in 0.009572 seconds 
========================================================================
Received Import Request.
  Time since last request: 0.000037 seconds.
  path: Assets/Environment/ButtonSprites/E-Key.png
  artifactKey: Guid(cd33495d6127ca74194d7aa762413649) Importer(815301076,1909f56bfc062723c751e8b465ee728b)
Start importing Assets/Environment/ButtonSprites/E-Key.png using Guid(cd33495d6127ca74194d7aa762413649) Importer(815301076,1909f56bfc062723c751e8b465ee728b)  -> (artifact id: 'f3bf6f95bd65ed6a1a92f2d80eb48c1b') in 0.016528 seconds 
========================================================================
Received Import Request.
  Time since last request: 0.000037 seconds.
  path: Assets/Environment/ButtonSprites/K-Key.png
  artifactKey: Guid(86c6c943f22be0148a877add83ca41c3) Importer(815301076,1909f56bfc062723c751e8b465ee728b)
Start importing Assets/Environment/ButtonSprites/K-Key.png using Guid(86c6c943f22be0148a877add83ca41c3) Importer(815301076,1909f56bfc062723c751e8b465ee728b)  -> (artifact id: '81a10db4cc6596159cd75a4ce5192fa7') in 0.008536 seconds 
========================================================================
Received Import Request.
  Time since last request: 0.000033 seconds.
  path: Assets/Environment/ButtonSprites/Blank-Key_1.png
  artifactKey: Guid(3ec933bfec5235e46b61a5dbeee36817) Importer(815301076,1909f56bfc062723c751e8b465ee728b)
Start importing Assets/Environment/ButtonSprites/Blank-Key_1.png using Guid(3ec933bfec5235e46b61a5dbeee36817) Importer(815301076,1909f56bfc062723c751e8b465ee728b)  -> (artifact id: '9cf43624bbcfab6c4f79b2fc1ad32d7c') in 0.008948 seconds 
========================================================================
Received Import Request.
  Time since last request: 0.000059 seconds.
  path: Assets/Environment/ButtonSprites/B-Key.png
  artifactKey: Guid(34b1edb525dc9bb4cb1310cbd05f0bb8) Importer(815301076,1909f56bfc062723c751e8b465ee728b)
Start importing Assets/Environment/ButtonSprites/B-Key.png using Guid(34b1edb525dc9bb4cb1310cbd05f0bb8) Importer(815301076,1909f56bfc062723c751e8b465ee728b)  -> (artifact id: '55dd259849c4721ae995bc36c2e70bc9') in 0.011613 seconds 
========================================================================
Received Prepare
Registering precompiled user dll's ...
Registered in 0.007272 seconds.
Begin MonoManager ReloadAssembly
Symbol file LoadedFromMemory doesn't match image C:\Users\Nino\Documents\NumberJump2\NumberJump\Library\PackageCache\com.unity.visualscripting@1.7.8\Editor\VisualScripting.Core\Dependencies\YamlDotNet\Unity.VisualScripting.YamlDotNet.dll
Symbol file LoadedFromMemory doesn't match image C:\Users\Nino\Documents\NumberJump2\NumberJump\Library\PackageCache\com.unity.visualscripting@1.7.8\Editor\VisualScripting.Core\Dependencies\DotNetZip\Unity.VisualScripting.IonicZip.dll
Native extension for WindowsStandalone target not found
Native extension for WebGL target not found
Refreshing native plugins compatible for Editor in 1.35 ms, found 3 plugins.
Preloading 0 native plugins for Editor in 0.00 ms.
Mono: successfully reloaded assembly
- Completed reload, in  1.162 seconds
Domain Reload Profiling:
	ReloadAssembly (1162ms)
		BeginReloadAssembly (130ms)
			ExecutionOrderSort (0ms)
			DisableScriptedObjects (3ms)
			BackupInstance (0ms)
			ReleaseScriptingObjects (0ms)
			CreateAndSetChildDomain (40ms)
		EndReloadAssembly (935ms)
			LoadAssemblies (85ms)
			RebuildTransferFunctionScriptingTraits (0ms)
			SetupTypeCache (289ms)
			ReleaseScriptCaches (2ms)
			RebuildScriptCaches (48ms)
			SetupLoadedEditorAssemblies (463ms)
				LogAssemblyErrors (0ms)
				InitializePlatformSupportModulesInManaged (13ms)
				SetLoadedEditorAssemblies (0ms)
				RefreshPlugins (1ms)
				BeforeProcessingInitializeOnLoad (84ms)
				ProcessInitializeOnLoadAttributes (281ms)
				ProcessInitializeOnLoadMethodAttributes (72ms)
				AfterProcessingInitializeOnLoad (11ms)
				EditorAssembliesLoaded (0ms)
			ExecutionOrderSort2 (0ms)
			AwakeInstancesAfterBackupRestoration (9ms)
Platform modules already initialized, skipping
Refreshing native plugins compatible for Editor in 2.39 ms, found 3 plugins.
Preloading 0 native plugins for Editor in 0.00 ms.
Unloading 5581 Unused Serialized files (Serialized files now loaded: 0)
Unloading 42 unused Assets / (1.2 MB). Loaded Objects now: 6165.
Memory consumption went from 218.4 MB to 217.2 MB.
Total: 3.400400 ms (FindLiveObjects: 0.316900 ms CreateObjectMapping: 0.349100 ms MarkObjects: 2.304000 ms  DeleteObjects: 0.429100 ms)

AssetImportParameters requested are different than current active one (requested -> active):
  custom:video-decoder-ogg-theora: a1e56fd34408186e4bbccfd4996cb3dc -> 
  custom:container-muxer-webm: aa71ff27fc2769a1b78a27578f13a17b -> 
  custom:container-demuxer-webm: 4f35f7cbe854078d1ac9338744f61a02 -> 
  custom:video-encoder-webm-vp8: eb34c28f22e8b96e1ab97ce403110664 -> 
  custom:audio-encoder-webm-vorbis: bf7c407c2cedff20999df2af8eb42d56 -> 
  custom:framework-win-MediaFoundation: 216162199b28c13a410421893ffa2e32 -> 
  custom:container-demuxer-ogg: 62fdf1f143b41e24485cea50d1cbac27 -> 
  custom:video-decoder-webm-vp8: 9c59270c3fd7afecdb556c50c9e8de78 -> 
  custom:audio-decoder-ogg-vorbis: bf7c407c2cedff20999df2af8eb42d56 -> 
Editor requested this worker to shutdown with reason: Scaling down because of idle timeout
AssetImportWorker is now disconnected from the server
Process exiting
Exiting without the bug reporter. Application will terminate with return code 0